<?xml version="1.0" encoding="UTF-8"?>
<testsuite xmlns:xsi="http://www.w3.org/2001/XMLSchema-instance" xsi:noNamespaceSchemaLocation="https://maven.apache.org/surefire/maven-surefire-plugin/xsd/surefire-test-report-3.0.xsd" version="3.0" name="TestSuite" time="158.734" tests="11" errors="0" skipped="0" failures="0">
  <properties>
    <property name="java.specification.version" value="18"/>
    <property name="sun.cpu.isalist" value="amd64"/>
    <property name="sun.jnu.encoding" value="Cp1252"/>
    <property name="java.class.path" value="C:\Users\yasha\eclipse-workspace\POM\target\test-classes;C:\Users\yasha\eclipse-workspace\POM\target\classes;C:\Users\yasha\.m2\repository\org\seleniumhq\selenium\selenium-java\4.24.0\selenium-java-4.24.0.jar;C:\Users\yasha\.m2\repository\org\seleniumhq\selenium\selenium-api\4.24.0\selenium-api-4.24.0.jar;C:\Users\yasha\.m2\repository\org\jspecify\jspecify\1.0.0\jspecify-1.0.0.jar;C:\Users\yasha\.m2\repository\org\seleniumhq\selenium\selenium-chrome-driver\4.24.0\selenium-chrome-driver-4.24.0.jar;C:\Users\yasha\.m2\repository\com\google\auto\service\auto-service-annotations\1.1.1\auto-service-annotations-1.1.1.jar;C:\Users\yasha\.m2\repository\org\seleniumhq\selenium\selenium-chromium-driver\4.24.0\selenium-chromium-driver-4.24.0.jar;C:\Users\yasha\.m2\repository\org\seleniumhq\selenium\selenium-json\4.24.0\selenium-json-4.24.0.jar;C:\Users\yasha\.m2\repository\org\seleniumhq\selenium\selenium-manager\4.24.0\selenium-manager-4.24.0.jar;C:\Users\yasha\.m2\repository\org\seleniumhq\selenium\selenium-devtools-v126\4.24.0\selenium-devtools-v126-4.24.0.jar;C:\Users\yasha\.m2\repository\org\seleniumhq\selenium\selenium-devtools-v127\4.24.0\selenium-devtools-v127-4.24.0.jar;C:\Users\yasha\.m2\repository\org\seleniumhq\selenium\selenium-devtools-v128\4.24.0\selenium-devtools-v128-4.24.0.jar;C:\Users\yasha\.m2\repository\org\seleniumhq\selenium\selenium-devtools-v85\4.24.0\selenium-devtools-v85-4.24.0.jar;C:\Users\yasha\.m2\repository\org\seleniumhq\selenium\selenium-edge-driver\4.24.0\selenium-edge-driver-4.24.0.jar;C:\Users\yasha\.m2\repository\org\seleniumhq\selenium\selenium-firefox-driver\4.24.0\selenium-firefox-driver-4.24.0.jar;C:\Users\yasha\.m2\repository\org\seleniumhq\selenium\selenium-http\4.24.0\selenium-http-4.24.0.jar;C:\Users\yasha\.m2\repository\dev\failsafe\failsafe\3.3.2\failsafe-3.3.2.jar;C:\Users\yasha\.m2\repository\org\seleniumhq\selenium\selenium-ie-driver\4.24.0\selenium-ie-driver-4.24.0.jar;C:\Users\yasha\.m2\repository\org\seleniumhq\selenium\selenium-remote-driver\4.24.0\selenium-remote-driver-4.24.0.jar;C:\Users\yasha\.m2\repository\com\google\guava\guava\33.3.0-jre\guava-33.3.0-jre.jar;C:\Users\yasha\.m2\repository\com\google\guava\failureaccess\1.0.2\failureaccess-1.0.2.jar;C:\Users\yasha\.m2\repository\com\google\guava\listenablefuture\9999.0-empty-to-avoid-conflict-with-guava\listenablefuture-9999.0-empty-to-avoid-conflict-with-guava.jar;C:\Users\yasha\.m2\repository\com\google\code\findbugs\jsr305\3.0.2\jsr305-3.0.2.jar;C:\Users\yasha\.m2\repository\org\checkerframework\checker-qual\3.43.0\checker-qual-3.43.0.jar;C:\Users\yasha\.m2\repository\com\google\errorprone\error_prone_annotations\2.28.0\error_prone_annotations-2.28.0.jar;C:\Users\yasha\.m2\repository\com\google\j2objc\j2objc-annotations\3.0.0\j2objc-annotations-3.0.0.jar;C:\Users\yasha\.m2\repository\io\opentelemetry\semconv\opentelemetry-semconv\1.25.0-alpha\opentelemetry-semconv-1.25.0-alpha.jar;C:\Users\yasha\.m2\repository\io\opentelemetry\opentelemetry-api\1.41.0\opentelemetry-api-1.41.0.jar;C:\Users\yasha\.m2\repository\io\opentelemetry\opentelemetry-context\1.41.0\opentelemetry-context-1.41.0.jar;C:\Users\yasha\.m2\repository\io\opentelemetry\opentelemetry-exporter-logging\1.41.0\opentelemetry-exporter-logging-1.41.0.jar;C:\Users\yasha\.m2\repository\io\opentelemetry\opentelemetry-sdk-common\1.41.0\opentelemetry-sdk-common-1.41.0.jar;C:\Users\yasha\.m2\repository\io\opentelemetry\opentelemetry-sdk-extension-autoconfigure-spi\1.41.0\opentelemetry-sdk-extension-autoconfigure-spi-1.41.0.jar;C:\Users\yasha\.m2\repository\io\opentelemetry\opentelemetry-sdk-extension-autoconfigure\1.41.0\opentelemetry-sdk-extension-autoconfigure-1.41.0.jar;C:\Users\yasha\.m2\repository\io\opentelemetry\opentelemetry-api-incubator\1.41.0-alpha\opentelemetry-api-incubator-1.41.0-alpha.jar;C:\Users\yasha\.m2\repository\io\opentelemetry\opentelemetry-sdk-trace\1.41.0\opentelemetry-sdk-trace-1.41.0.jar;C:\Users\yasha\.m2\repository\io\opentelemetry\opentelemetry-sdk\1.41.0\opentelemetry-sdk-1.41.0.jar;C:\Users\yasha\.m2\repository\io\opentelemetry\opentelemetry-sdk-metrics\1.41.0\opentelemetry-sdk-metrics-1.41.0.jar;C:\Users\yasha\.m2\repository\io\opentelemetry\opentelemetry-sdk-logs\1.41.0\opentelemetry-sdk-logs-1.41.0.jar;C:\Users\yasha\.m2\repository\net\bytebuddy\byte-buddy\1.15.0\byte-buddy-1.15.0.jar;C:\Users\yasha\.m2\repository\org\seleniumhq\selenium\selenium-os\4.24.0\selenium-os-4.24.0.jar;C:\Users\yasha\.m2\repository\org\apache\commons\commons-exec\1.4.0\commons-exec-1.4.0.jar;C:\Users\yasha\.m2\repository\org\seleniumhq\selenium\selenium-safari-driver\4.24.0\selenium-safari-driver-4.24.0.jar;C:\Users\yasha\.m2\repository\org\seleniumhq\selenium\selenium-support\4.24.0\selenium-support-4.24.0.jar;C:\Users\yasha\.m2\repository\junit\junit\4.13.2\junit-4.13.2.jar;C:\Users\yasha\.m2\repository\org\hamcrest\hamcrest-core\1.3\hamcrest-core-1.3.jar;C:\Users\yasha\.m2\repository\org\testng\testng\7.10.2\testng-7.10.2.jar;C:\Users\yasha\.m2\repository\org\slf4j\slf4j-api\1.7.36\slf4j-api-1.7.36.jar;C:\Users\yasha\.m2\repository\com\beust\jcommander\1.82\jcommander-1.82.jar;C:\Users\yasha\.m2\repository\org\webjars\jquery\3.7.1\jquery-3.7.1.jar;C:\Users\yasha\.m2\repository\org\uncommons\reportng\1.1.4\reportng-1.1.4.jar;C:\Users\yasha\.m2\repository\velocity\velocity\1.4\velocity-1.4.jar;C:\Users\yasha\.m2\repository\velocity\velocity-dep\1.4\velocity-dep-1.4.jar;C:\Users\yasha\.m2\repository\com\aventstack\extentreports\5.1.2\extentreports-5.1.2.jar;C:\Users\yasha\.m2\repository\io\reactivex\rxjava3\rxjava\3.1.6\rxjava-3.1.6.jar;C:\Users\yasha\.m2\repository\org\reactivestreams\reactive-streams\1.0.4\reactive-streams-1.0.4.jar;C:\Users\yasha\.m2\repository\org\freemarker\freemarker\2.3.32\freemarker-2.3.32.jar;C:\Users\yasha\.m2\repository\org\projectlombok\lombok\1.18.26\lombok-1.18.26.jar;C:\Users\yasha\.m2\repository\com\google\code\gson\gson\2.10.1\gson-2.10.1.jar;C:\Users\yasha\.m2\repository\org\apache\logging\log4j\log4j-core\2.23.1\log4j-core-2.23.1.jar;C:\Users\yasha\.m2\repository\org\apache\logging\log4j\log4j-api\2.23.1\log4j-api-2.23.1.jar;C:\Users\yasha\.m2\repository\org\apache\logging\log4j\log4j-slf4j-impl\2.23.1\log4j-slf4j-impl-2.23.1.jar;C:\Users\yasha\.m2\repository\org\apache\poi\poi\5.3.0\poi-5.3.0.jar;C:\Users\yasha\.m2\repository\commons-codec\commons-codec\1.17.0\commons-codec-1.17.0.jar;C:\Users\yasha\.m2\repository\org\apache\commons\commons-math3\3.6.1\commons-math3-3.6.1.jar;C:\Users\yasha\.m2\repository\commons-io\commons-io\2.16.1\commons-io-2.16.1.jar;C:\Users\yasha\.m2\repository\com\zaxxer\SparseBitSet\1.3\SparseBitSet-1.3.jar;C:\Users\yasha\.m2\repository\org\apache\poi\poi-ooxml\5.3.0\poi-ooxml-5.3.0.jar;C:\Users\yasha\.m2\repository\org\apache\poi\poi-ooxml-lite\5.3.0\poi-ooxml-lite-5.3.0.jar;C:\Users\yasha\.m2\repository\org\apache\commons\commons-compress\1.26.2\commons-compress-1.26.2.jar;C:\Users\yasha\.m2\repository\org\apache\commons\commons-lang3\3.14.0\commons-lang3-3.14.0.jar;C:\Users\yasha\.m2\repository\com\github\virtuald\curvesapi\1.08\curvesapi-1.08.jar;C:\Users\yasha\.m2\repository\org\apache\poi\poi-ooxml-schemas\4.1.2\poi-ooxml-schemas-4.1.2.jar;C:\Users\yasha\.m2\repository\org\apache\xmlbeans\xmlbeans\5.2.1\xmlbeans-5.2.1.jar;C:\Users\yasha\.m2\repository\org\apache\commons\commons-collections4\4.5.0-M2\commons-collections4-4.5.0-M2.jar;"/>
    <property name="java.vm.vendor" value="Oracle Corporation"/>
    <property name="sun.arch.data.model" value="64"/>
    <property name="user.variant" value=""/>
    <property name="java.vendor.url" value="https://java.oracle.com/"/>
    <property name="user.timezone" value="America/Toronto"/>
    <property name="os.name" value="Windows 11"/>
    <property name="java.vm.specification.version" value="18"/>
    <property name="sun.java.launcher" value="SUN_STANDARD"/>
    <property name="user.country" value="CA"/>
    <property name="sun.boot.library.path" value="C:\Program Files\Java\jdk-18.0.1.1\bin"/>
    <property name="sun.java.command" value="C:\Users\yasha\AppData\Local\Temp\surefire364806968787404952\surefirebooter-20240930164204739_3.jar C:\Users\yasha\AppData\Local\Temp\surefire364806968787404952 2024-09-30T16-42-04_293-jvmRun1 surefire-20240930164204739_1tmp surefire_0-20240930164204739_2tmp"/>
    <property name="jdk.debug" value="release"/>
    <property name="surefire.test.class.path" value="C:\Users\yasha\eclipse-workspace\POM\target\test-classes;C:\Users\yasha\eclipse-workspace\POM\target\classes;C:\Users\yasha\.m2\repository\org\seleniumhq\selenium\selenium-java\4.24.0\selenium-java-4.24.0.jar;C:\Users\yasha\.m2\repository\org\seleniumhq\selenium\selenium-api\4.24.0\selenium-api-4.24.0.jar;C:\Users\yasha\.m2\repository\org\jspecify\jspecify\1.0.0\jspecify-1.0.0.jar;C:\Users\yasha\.m2\repository\org\seleniumhq\selenium\selenium-chrome-driver\4.24.0\selenium-chrome-driver-4.24.0.jar;C:\Users\yasha\.m2\repository\com\google\auto\service\auto-service-annotations\1.1.1\auto-service-annotations-1.1.1.jar;C:\Users\yasha\.m2\repository\org\seleniumhq\selenium\selenium-chromium-driver\4.24.0\selenium-chromium-driver-4.24.0.jar;C:\Users\yasha\.m2\repository\org\seleniumhq\selenium\selenium-json\4.24.0\selenium-json-4.24.0.jar;C:\Users\yasha\.m2\repository\org\seleniumhq\selenium\selenium-manager\4.24.0\selenium-manager-4.24.0.jar;C:\Users\yasha\.m2\repository\org\seleniumhq\selenium\selenium-devtools-v126\4.24.0\selenium-devtools-v126-4.24.0.jar;C:\Users\yasha\.m2\repository\org\seleniumhq\selenium\selenium-devtools-v127\4.24.0\selenium-devtools-v127-4.24.0.jar;C:\Users\yasha\.m2\repository\org\seleniumhq\selenium\selenium-devtools-v128\4.24.0\selenium-devtools-v128-4.24.0.jar;C:\Users\yasha\.m2\repository\org\seleniumhq\selenium\selenium-devtools-v85\4.24.0\selenium-devtools-v85-4.24.0.jar;C:\Users\yasha\.m2\repository\org\seleniumhq\selenium\selenium-edge-driver\4.24.0\selenium-edge-driver-4.24.0.jar;C:\Users\yasha\.m2\repository\org\seleniumhq\selenium\selenium-firefox-driver\4.24.0\selenium-firefox-driver-4.24.0.jar;C:\Users\yasha\.m2\repository\org\seleniumhq\selenium\selenium-http\4.24.0\selenium-http-4.24.0.jar;C:\Users\yasha\.m2\repository\dev\failsafe\failsafe\3.3.2\failsafe-3.3.2.jar;C:\Users\yasha\.m2\repository\org\seleniumhq\selenium\selenium-ie-driver\4.24.0\selenium-ie-driver-4.24.0.jar;C:\Users\yasha\.m2\repository\org\seleniumhq\selenium\selenium-remote-driver\4.24.0\selenium-remote-driver-4.24.0.jar;C:\Users\yasha\.m2\repository\com\google\guava\guava\33.3.0-jre\guava-33.3.0-jre.jar;C:\Users\yasha\.m2\repository\com\google\guava\failureaccess\1.0.2\failureaccess-1.0.2.jar;C:\Users\yasha\.m2\repository\com\google\guava\listenablefuture\9999.0-empty-to-avoid-conflict-with-guava\listenablefuture-9999.0-empty-to-avoid-conflict-with-guava.jar;C:\Users\yasha\.m2\repository\com\google\code\findbugs\jsr305\3.0.2\jsr305-3.0.2.jar;C:\Users\yasha\.m2\repository\org\checkerframework\checker-qual\3.43.0\checker-qual-3.43.0.jar;C:\Users\yasha\.m2\repository\com\google\errorprone\error_prone_annotations\2.28.0\error_prone_annotations-2.28.0.jar;C:\Users\yasha\.m2\repository\com\google\j2objc\j2objc-annotations\3.0.0\j2objc-annotations-3.0.0.jar;C:\Users\yasha\.m2\repository\io\opentelemetry\semconv\opentelemetry-semconv\1.25.0-alpha\opentelemetry-semconv-1.25.0-alpha.jar;C:\Users\yasha\.m2\repository\io\opentelemetry\opentelemetry-api\1.41.0\opentelemetry-api-1.41.0.jar;C:\Users\yasha\.m2\repository\io\opentelemetry\opentelemetry-context\1.41.0\opentelemetry-context-1.41.0.jar;C:\Users\yasha\.m2\repository\io\opentelemetry\opentelemetry-exporter-logging\1.41.0\opentelemetry-exporter-logging-1.41.0.jar;C:\Users\yasha\.m2\repository\io\opentelemetry\opentelemetry-sdk-common\1.41.0\opentelemetry-sdk-common-1.41.0.jar;C:\Users\yasha\.m2\repository\io\opentelemetry\opentelemetry-sdk-extension-autoconfigure-spi\1.41.0\opentelemetry-sdk-extension-autoconfigure-spi-1.41.0.jar;C:\Users\yasha\.m2\repository\io\opentelemetry\opentelemetry-sdk-extension-autoconfigure\1.41.0\opentelemetry-sdk-extension-autoconfigure-1.41.0.jar;C:\Users\yasha\.m2\repository\io\opentelemetry\opentelemetry-api-incubator\1.41.0-alpha\opentelemetry-api-incubator-1.41.0-alpha.jar;C:\Users\yasha\.m2\repository\io\opentelemetry\opentelemetry-sdk-trace\1.41.0\opentelemetry-sdk-trace-1.41.0.jar;C:\Users\yasha\.m2\repository\io\opentelemetry\opentelemetry-sdk\1.41.0\opentelemetry-sdk-1.41.0.jar;C:\Users\yasha\.m2\repository\io\opentelemetry\opentelemetry-sdk-metrics\1.41.0\opentelemetry-sdk-metrics-1.41.0.jar;C:\Users\yasha\.m2\repository\io\opentelemetry\opentelemetry-sdk-logs\1.41.0\opentelemetry-sdk-logs-1.41.0.jar;C:\Users\yasha\.m2\repository\net\bytebuddy\byte-buddy\1.15.0\byte-buddy-1.15.0.jar;C:\Users\yasha\.m2\repository\org\seleniumhq\selenium\selenium-os\4.24.0\selenium-os-4.24.0.jar;C:\Users\yasha\.m2\repository\org\apache\commons\commons-exec\1.4.0\commons-exec-1.4.0.jar;C:\Users\yasha\.m2\repository\org\seleniumhq\selenium\selenium-safari-driver\4.24.0\selenium-safari-driver-4.24.0.jar;C:\Users\yasha\.m2\repository\org\seleniumhq\selenium\selenium-support\4.24.0\selenium-support-4.24.0.jar;C:\Users\yasha\.m2\repository\junit\junit\4.13.2\junit-4.13.2.jar;C:\Users\yasha\.m2\repository\org\hamcrest\hamcrest-core\1.3\hamcrest-core-1.3.jar;C:\Users\yasha\.m2\repository\org\testng\testng\7.10.2\testng-7.10.2.jar;C:\Users\yasha\.m2\repository\org\slf4j\slf4j-api\1.7.36\slf4j-api-1.7.36.jar;C:\Users\yasha\.m2\repository\com\beust\jcommander\1.82\jcommander-1.82.jar;C:\Users\yasha\.m2\repository\org\webjars\jquery\3.7.1\jquery-3.7.1.jar;C:\Users\yasha\.m2\repository\org\uncommons\reportng\1.1.4\reportng-1.1.4.jar;C:\Users\yasha\.m2\repository\velocity\velocity\1.4\velocity-1.4.jar;C:\Users\yasha\.m2\repository\velocity\velocity-dep\1.4\velocity-dep-1.4.jar;C:\Users\yasha\.m2\repository\com\aventstack\extentreports\5.1.2\extentreports-5.1.2.jar;C:\Users\yasha\.m2\repository\io\reactivex\rxjava3\rxjava\3.1.6\rxjava-3.1.6.jar;C:\Users\yasha\.m2\repository\org\reactivestreams\reactive-streams\1.0.4\reactive-streams-1.0.4.jar;C:\Users\yasha\.m2\repository\org\freemarker\freemarker\2.3.32\freemarker-2.3.32.jar;C:\Users\yasha\.m2\repository\org\projectlombok\lombok\1.18.26\lombok-1.18.26.jar;C:\Users\yasha\.m2\repository\com\google\code\gson\gson\2.10.1\gson-2.10.1.jar;C:\Users\yasha\.m2\repository\org\apache\logging\log4j\log4j-core\2.23.1\log4j-core-2.23.1.jar;C:\Users\yasha\.m2\repository\org\apache\logging\log4j\log4j-api\2.23.1\log4j-api-2.23.1.jar;C:\Users\yasha\.m2\repository\org\apache\logging\log4j\log4j-slf4j-impl\2.23.1\log4j-slf4j-impl-2.23.1.jar;C:\Users\yasha\.m2\repository\org\apache\poi\poi\5.3.0\poi-5.3.0.jar;C:\Users\yasha\.m2\repository\commons-codec\commons-codec\1.17.0\commons-codec-1.17.0.jar;C:\Users\yasha\.m2\repository\org\apache\commons\commons-math3\3.6.1\commons-math3-3.6.1.jar;C:\Users\yasha\.m2\repository\commons-io\commons-io\2.16.1\commons-io-2.16.1.jar;C:\Users\yasha\.m2\repository\com\zaxxer\SparseBitSet\1.3\SparseBitSet-1.3.jar;C:\Users\yasha\.m2\repository\org\apache\poi\poi-ooxml\5.3.0\poi-ooxml-5.3.0.jar;C:\Users\yasha\.m2\repository\org\apache\poi\poi-ooxml-lite\5.3.0\poi-ooxml-lite-5.3.0.jar;C:\Users\yasha\.m2\repository\org\apache\commons\commons-compress\1.26.2\commons-compress-1.26.2.jar;C:\Users\yasha\.m2\repository\org\apache\commons\commons-lang3\3.14.0\commons-lang3-3.14.0.jar;C:\Users\yasha\.m2\repository\com\github\virtuald\curvesapi\1.08\curvesapi-1.08.jar;C:\Users\yasha\.m2\repository\org\apache\poi\poi-ooxml-schemas\4.1.2\poi-ooxml-schemas-4.1.2.jar;C:\Users\yasha\.m2\repository\org\apache\xmlbeans\xmlbeans\5.2.1\xmlbeans-5.2.1.jar;C:\Users\yasha\.m2\repository\org\apache\commons\commons-collections4\4.5.0-M2\commons-collections4-4.5.0-M2.jar;"/>
    <property name="sun.cpu.endian" value="little"/>
    <property name="user.home" value="C:\Users\yasha"/>
    <property name="user.language" value="en"/>
    <property name="java.specification.vendor" value="Oracle Corporation"/>
    <property name="java.version.date" value="2022-04-22"/>
    <property name="java.home" value="C:\Program Files\Java\jdk-18.0.1.1"/>
    <property name="file.separator" value="\"/>
    <property name="basedir" value="C:\Users\yasha\eclipse-workspace\POM"/>
    <property name="java.vm.compressedOopsMode" value="Zero based"/>
    <property name="line.separator" value="&#10;"/>
    <property name="java.vm.specification.vendor" value="Oracle Corporation"/>
    <property name="java.specification.name" value="Java Platform API Specification"/>
    <property name="surefire.real.class.path" value="C:\Users\yasha\AppData\Local\Temp\surefire364806968787404952\surefirebooter-20240930164204739_3.jar"/>
    <property name="user.script" value=""/>
    <property name="sun.management.compiler" value="HotSpot 64-Bit Tiered Compilers"/>
    <property name="java.runtime.version" value="18.0.1.1+2-6"/>
    <property name="user.name" value="yasha"/>
    <property name="path.separator" value=";"/>
    <property name="os.version" value="10.0"/>
    <property name="java.runtime.name" value="Java(TM) SE Runtime Environment"/>
    <property name="file.encoding" value="UTF-8"/>
    <property name="java.vm.name" value="Java HotSpot(TM) 64-Bit Server VM"/>
    <property name="localRepository" value="C:\Users\yasha\.m2\repository"/>
    <property name="java.vendor.url.bug" value="https://bugreport.java.com/bugreport/"/>
    <property name="java.io.tmpdir" value="C:\Users\yasha\AppData\Local\Temp\"/>
    <property name="java.version" value="18.0.1.1"/>
    <property name="user.dir" value="C:\Users\yasha\eclipse-workspace\POM"/>
    <property name="os.arch" value="amd64"/>
    <property name="java.vm.specification.name" value="Java Virtual Machine Specification"/>
    <property name="sun.os.patch.level" value=""/>
    <property name="native.encoding" value="Cp1252"/>
    <property name="java.library.path" value="C:\Program Files\Java\jdk-18.0.1.1\bin;C:\WINDOWS\Sun\Java\bin;C:\WINDOWS\system32;C:\WINDOWS;C:\Users\yasha\.jenkins\tools\hudson.tasks.Maven_MavenInstallation\TestMaven/bin;C:\Program Files\Common Files\Oracle\Java\javapath;C:\Program Files\Maven\apache-maven-3.9.9\bin;C:\Windows\system32;C:\Windows;C:\Windows\System32\Wbem;C:\Windows\System32\WindowsPowerShell\v1.0\;C:\Windows\System32\OpenSSH\;C:\Program Files\Git\cmd;C:\Python27;C:\Program Files\dotnet\;C:\Program Files\Microsoft SQL Server\130\Tools\Binn\;C:\Program Files\Microsoft SQL Server\Client SDK\ODBC\170\Tools\Binn\;C:\Program Files\OpenSSL-Win64\bin;C:\Program Files\Microsoft\Web Platform Installer\;C:\minikube;C:\Windows\System32\kubectl;C:\Program Files\PuTTY\;C:\Program Files (x86)\Microsoft SQL Server\150\Tools\Binn\;C:\Program Files\Microsoft SQL Server\150\Tools\Binn\;C:\Program Files\Microsoft SQL Server\150\DTS\Binn\;C:\Program Files\Java\jdk-18.0.1.1\bin;C:\WINDOWS\system32;C:\WINDOWS;C:\WINDOWS\System32\Wbem;C:\WINDOWS\System32\WindowsPowerShell\v1.0\;C:\WINDOWS\System32\OpenSSH\;C:\WINDOWS\system32;C:\WINDOWS;C:\WINDOWS\System32\Wbem;C:\WINDOWS\System32\WindowsPowerShell\v1.0\;C:\WINDOWS\System32\OpenSSH\;C:\Program Files (x86)\Microsoft SQL Server\160\Tools\Binn\;C:\Program Files\Microsoft SQL Server\160\Tools\Binn\;C:\Program Files\Microsoft SQL Server\160\DTS\Binn\;C:\Program Files (x86)\Microsoft SQL Server\150\DTS\Binn\;C:\Program Files\Docker\Docker\resources\bin;C:\Program Files\Amazon\AWSSAMCLI\bin\;C:\Program Files\nodejs\;&quot;C:\Users\yasha\AppData\Local\Programs\Python\Python35\Scripts\;C:\Program Files\Maven\apache-maven-3.9.9\bin&quot;;C:\Users\yasha\AppData\Local\Programs\Python\Python312\Scripts\;C:\Users\yasha\AppData\Local\Programs\Python\Python312\;C:\Users\yasha\AppData\Local\Programs\Python\Python35\Scripts;C:\Users\yasha\AppData\Local\Programs\Python\Python35\;C:\Users\yasha\AppData\Local\Microsoft\WindowsApps;C:\Users\yasha\AppData\Local\Programs\Microsoft VS Code\bin;C:\Program Files\heroku\bin;C:\Program Files\sfdx\bin;C:\Program Files\Azure Data Studio\bin;C:\Users\yasha\.dotnet\tools;C:\Program Files\Azure Data Studio\bin;C:\Users\yasha\AppData\Local\Google\Cloud SDK\google-cloud-sdk\bin;C:\Users\yasha\AppData\Local\Microsoft\WinGet\Packages\Schniz.fnm_Microsoft.Winget.Source_8wekyb3d8bbwe;C:\Users\yasha\AppData\Roaming\npm;;."/>
    <property name="java.vm.info" value="mixed mode, sharing"/>
    <property name="java.vendor" value="Oracle Corporation"/>
    <property name="java.vm.version" value="18.0.1.1+2-6"/>
    <property name="sun.io.unicode.encoding" value="UnicodeLittle"/>
    <property name="java.class.version" value="62.0"/>
  </properties>
  <testcase name="loginPageTitleTest" classname="com.crm.qa.testcases.LoginPageTest" time="0.021">
    <system-out><![CDATA[After Navigating to URl: https://classic.freecrm.com/
]]></system-out>
    <system-err><![CDATA[Sep. 30, 2024 4:42:08 P.M. org.openqa.selenium.devtools.CdpVersionFinder findNearestMatch
WARNING: Unable to find an exact match for CDP version 129, returning the closest version; found: 128; Please update to a Selenium version that supports CDP version 129
]]></system-err>
  </testcase>
  <testcase name="crmLogoImageTest" classname="com.crm.qa.testcases.LoginPageTest" time="0.06">
    <system-out><![CDATA[After Navigating to URl: https://classic.freecrm.com/
]]></system-out>
    <system-err><![CDATA[Sep. 30, 2024 4:42:13 P.M. org.openqa.selenium.devtools.CdpVersionFinder findNearestMatch
WARNING: Unable to find an exact match for CDP version 129, returning the closest version; found: 128; Please update to a Selenium version that supports CDP version 129
]]></system-err>
  </testcase>
  <testcase name="loginTest" classname="com.crm.qa.testcases.LoginPageTest" time="6.244">
    <system-out><![CDATA[After Navigating to URl: https://classic.freecrm.com/
After entering values for element: [[ChromeDriver: chrome on windows (c980a0f998af03176a660448e08cde6f)] -> name: username]  entered values as: 
groupautomation 
After entering values for element: [[ChromeDriver: chrome on windows (c980a0f998af03176a660448e08cde6f)] -> name: password]  entered values as: 
Test@12345 
Before clicking on : [[ChromeDriver: chrome on windows (c980a0f998af03176a660448e08cde6f)] -> xpath: //input[@type='submit']]
After clicking on : [[ChromeDriver: chrome on windows (c980a0f998af03176a660448e08cde6f)] -> xpath: //input[@type='submit']]
]]></system-out>
    <system-err><![CDATA[Sep. 30, 2024 4:42:18 P.M. org.openqa.selenium.devtools.CdpVersionFinder findNearestMatch
WARNING: Unable to find an exact match for CDP version 129, returning the closest version; found: 128; Please update to a Selenium version that supports CDP version 129
]]></system-err>
  </testcase>
  <testcase name="verifyHomePageTitleTest" classname="com.crm.qa.testcases.HomePageTest" time="0.006">
    <system-out><![CDATA[After Navigating to URl: https://classic.freecrm.com/
After entering values for element: [[ChromeDriver: chrome on windows (513c7529fa29955bc08d2bd223179982)] -> name: username]  entered values as: 
groupautomation 
After entering values for element: [[ChromeDriver: chrome on windows (513c7529fa29955bc08d2bd223179982)] -> name: password]  entered values as: 
Test@12345 
Before clicking on : [[ChromeDriver: chrome on windows (513c7529fa29955bc08d2bd223179982)] -> xpath: //input[@type='submit']]
After clicking on : [[ChromeDriver: chrome on windows (513c7529fa29955bc08d2bd223179982)] -> xpath: //input[@type='submit']]
]]></system-out>
    <system-err><![CDATA[Sep. 30, 2024 4:42:30 P.M. org.openqa.selenium.devtools.CdpVersionFinder findNearestMatch
WARNING: Unable to find an exact match for CDP version 129, returning the closest version; found: 128; Please update to a Selenium version that supports CDP version 129
]]></system-err>
  </testcase>
  <testcase name="verifyUserNameTest" classname="com.crm.qa.testcases.HomePageTest" time="0.141">
    <system-out><![CDATA[After Navigating to URl: https://classic.freecrm.com/
After entering values for element: [[ChromeDriver: chrome on windows (7d0b19de6babafbe5d7c612c2261b606)] -> name: username]  entered values as: 
groupautomation 
After entering values for element: [[ChromeDriver: chrome on windows (7d0b19de6babafbe5d7c612c2261b606)] -> name: password]  entered values as: 
Test@12345 
Before clicking on : [[ChromeDriver: chrome on windows (7d0b19de6babafbe5d7c612c2261b606)] -> xpath: //input[@type='submit']]
After clicking on : [[ChromeDriver: chrome on windows (7d0b19de6babafbe5d7c612c2261b606)] -> xpath: //input[@type='submit']]
After switching to frame mainpanel
switched to iframe successfully
]]></system-out>
    <system-err><![CDATA[Sep. 30, 2024 4:42:42 P.M. org.openqa.selenium.devtools.CdpVersionFinder findNearestMatch
WARNING: Unable to find an exact match for CDP version 129, returning the closest version; found: 128; Please update to a Selenium version that supports CDP version 129
]]></system-err>
  </testcase>
  <testcase name="verifyContactsLinkTest" classname="com.crm.qa.testcases.HomePageTest" time="1.461">
    <system-out><![CDATA[After Navigating to URl: https://classic.freecrm.com/
After entering values for element: [[ChromeDriver: chrome on windows (48246c25c3fa93b51315e4b635703905)] -> name: username]  entered values as: 
groupautomation 
After entering values for element: [[ChromeDriver: chrome on windows (48246c25c3fa93b51315e4b635703905)] -> name: password]  entered values as: 
Test@12345 
Before clicking on : [[ChromeDriver: chrome on windows (48246c25c3fa93b51315e4b635703905)] -> xpath: //input[@type='submit']]
After clicking on : [[ChromeDriver: chrome on windows (48246c25c3fa93b51315e4b635703905)] -> xpath: //input[@type='submit']]
After switching to frame mainpanel
Before clicking on : [[ChromeDriver: chrome on windows (48246c25c3fa93b51315e4b635703905)] -> xpath: //a[contains(text(),'Contacts')]]
After clicking on : [[ChromeDriver: chrome on windows (48246c25c3fa93b51315e4b635703905)] -> xpath: //a[contains(text(),'Contacts')]]
]]></system-out>
    <system-err><![CDATA[Sep. 30, 2024 4:42:53 P.M. org.openqa.selenium.devtools.CdpVersionFinder findNearestMatch
WARNING: Unable to find an exact match for CDP version 129, returning the closest version; found: 128; Please update to a Selenium version that supports CDP version 129
]]></system-err>
  </testcase>
  <testcase name="verifyContactsPageLabelTest" classname="com.crm.qa.testcases.ContactsPageTest" time="1.473">
    <system-out><![CDATA[After Navigating to URl: https://classic.freecrm.com/
After entering values for element: [[ChromeDriver: chrome on windows (f6e8404c66ce9e798ce4983081c4d3c1)] -> name: username]  entered values as: 
groupautomation 
After entering values for element: [[ChromeDriver: chrome on windows (f6e8404c66ce9e798ce4983081c4d3c1)] -> name: password]  entered values as: 
Test@12345 
Before clicking on : [[ChromeDriver: chrome on windows (f6e8404c66ce9e798ce4983081c4d3c1)] -> xpath: //input[@type='submit']]
After clicking on : [[ChromeDriver: chrome on windows (f6e8404c66ce9e798ce4983081c4d3c1)] -> xpath: //input[@type='submit']]
After switching to frame mainpanel
Before clicking on : [[ChromeDriver: chrome on windows (f6e8404c66ce9e798ce4983081c4d3c1)] -> xpath: //a[contains(text(),'Contacts')]]
After clicking on : [[ChromeDriver: chrome on windows (f6e8404c66ce9e798ce4983081c4d3c1)] -> xpath: //a[contains(text(),'Contacts')]]
]]></system-out>
    <system-err><![CDATA[Sep. 30, 2024 4:43:09 P.M. org.openqa.selenium.devtools.CdpVersionFinder findNearestMatch
WARNING: Unable to find an exact match for CDP version 129, returning the closest version; found: 128; Please update to a Selenium version that supports CDP version 129
]]></system-err>
  </testcase>
  <testcase name="selectContactByNameTest" classname="com.crm.qa.testcases.ContactsPageTest" time="1.468">
    <system-out><![CDATA[After Navigating to URl: https://classic.freecrm.com/
After entering values for element: [[ChromeDriver: chrome on windows (c204de864cd544563ee80516935e7301)] -> name: username]  entered values as: 
groupautomation 
After entering values for element: [[ChromeDriver: chrome on windows (c204de864cd544563ee80516935e7301)] -> name: password]  entered values as: 
Test@12345 
Before clicking on : [[ChromeDriver: chrome on windows (c204de864cd544563ee80516935e7301)] -> xpath: //input[@type='submit']]
After clicking on : [[ChromeDriver: chrome on windows (c204de864cd544563ee80516935e7301)] -> xpath: //input[@type='submit']]
After switching to frame mainpanel
Before clicking on : [[ChromeDriver: chrome on windows (c204de864cd544563ee80516935e7301)] -> xpath: //a[contains(text(),'Contacts')]]
After clicking on : [[ChromeDriver: chrome on windows (c204de864cd544563ee80516935e7301)] -> xpath: //a[contains(text(),'Contacts')]]
Before clicking on : [[ChromeDriver: chrome on windows (c204de864cd544563ee80516935e7301)] -> xpath: //a[@_name='Akshay Singh']/parent::td/preceding-sibling::td[1]//input[@type='checkbox']
]
After clicking on : [[ChromeDriver: chrome on windows (c204de864cd544563ee80516935e7301)] -> xpath: //a[@_name='Akshay Singh']/parent::td/preceding-sibling::td[1]//input[@type='checkbox']
]
Before clicking on : [[ChromeDriver: chrome on windows (c204de864cd544563ee80516935e7301)] -> xpath: //a[@_name='Alex Berth']/parent::td/preceding-sibling::td[1]//input[@type='checkbox']
]
After clicking on : [[ChromeDriver: chrome on windows (c204de864cd544563ee80516935e7301)] -> xpath: //a[@_name='Alex Berth']/parent::td/preceding-sibling::td[1]//input[@type='checkbox']
]
]]></system-out>
    <system-err><![CDATA[Sep. 30, 2024 4:43:23 P.M. org.openqa.selenium.devtools.CdpVersionFinder findNearestMatch
WARNING: Unable to find an exact match for CDP version 129, returning the closest version; found: 128; Please update to a Selenium version that supports CDP version 129
]]></system-err>
  </testcase>
  <testcase name="validateCreateNewContact[Mr. , Tom, Peter, Google](1)" classname="com.crm.qa.testcases.ContactsPageTest" time="14.069">
    <system-out><![CDATA[After Navigating to URl: https://classic.freecrm.com/
After entering values for element: [[ChromeDriver: chrome on windows (0fe989127e434871206453e9933767e1)] -> name: username]  entered values as: 
groupautomation 
After entering values for element: [[ChromeDriver: chrome on windows (0fe989127e434871206453e9933767e1)] -> name: password]  entered values as: 
Test@12345 
Before clicking on : [[ChromeDriver: chrome on windows (0fe989127e434871206453e9933767e1)] -> xpath: //input[@type='submit']]
After clicking on : [[ChromeDriver: chrome on windows (0fe989127e434871206453e9933767e1)] -> xpath: //input[@type='submit']]
After switching to frame mainpanel
Before clicking on : [[ChromeDriver: chrome on windows (0fe989127e434871206453e9933767e1)] -> xpath: //a[contains(text(),'New Contact')]]
After clicking on : [[ChromeDriver: chrome on windows (0fe989127e434871206453e9933767e1)] -> xpath: //a[contains(text(),'New Contact')]]
Before clicking on : [[[[ChromeDriver: chrome on windows (0fe989127e434871206453e9933767e1)] -> name: title]] -> xpath: .//option[contains(., "Mr.")]]
After clicking on : [[[[ChromeDriver: chrome on windows (0fe989127e434871206453e9933767e1)] -> name: title]] -> xpath: .//option[contains(., "Mr.")]]
After entering values for element: [[ChromeDriver: chrome on windows (0fe989127e434871206453e9933767e1)] -> id: first_name]  entered values as: 
Tom 
After entering values for element: [[ChromeDriver: chrome on windows (0fe989127e434871206453e9933767e1)] -> id: surname]  entered values as: 
Peter 
After entering values for element: [[ChromeDriver: chrome on windows (0fe989127e434871206453e9933767e1)] -> name: client_lookup]  entered values as: 
Google 
Before clicking on : [[ChromeDriver: chrome on windows (0fe989127e434871206453e9933767e1)] -> xpath: //input[@type='submit' and @value='Save']]
After clicking on : [[ChromeDriver: chrome on windows (0fe989127e434871206453e9933767e1)] -> xpath: //input[@type='submit' and @value='Save']]
]]></system-out>
    <system-err><![CDATA[Sep. 30, 2024 4:43:37 P.M. org.openqa.selenium.devtools.CdpVersionFinder findNearestMatch
WARNING: Unable to find an exact match for CDP version 129, returning the closest version; found: 128; Please update to a Selenium version that supports CDP version 129
]]></system-err>
  </testcase>
  <testcase name="validateCreateNewContact[Dr., Jackson, Cris, Amazon](2)" classname="com.crm.qa.testcases.ContactsPageTest" time="4.301">
    <system-out><![CDATA[After Navigating to URl: https://classic.freecrm.com/
After entering values for element: [[ChromeDriver: chrome on windows (ae6450a0677ede3b6ae294ba4c84ffa2)] -> name: username]  entered values as: 
groupautomation 
After entering values for element: [[ChromeDriver: chrome on windows (ae6450a0677ede3b6ae294ba4c84ffa2)] -> name: password]  entered values as: 
Test@12345 
Before clicking on : [[ChromeDriver: chrome on windows (ae6450a0677ede3b6ae294ba4c84ffa2)] -> xpath: //input[@type='submit']]
After clicking on : [[ChromeDriver: chrome on windows (ae6450a0677ede3b6ae294ba4c84ffa2)] -> xpath: //input[@type='submit']]
After switching to frame mainpanel
Before clicking on : [[ChromeDriver: chrome on windows (ae6450a0677ede3b6ae294ba4c84ffa2)] -> xpath: //a[contains(text(),'New Contact')]]
After clicking on : [[ChromeDriver: chrome on windows (ae6450a0677ede3b6ae294ba4c84ffa2)] -> xpath: //a[contains(text(),'New Contact')]]
Before clicking on : [[[[ChromeDriver: chrome on windows (ae6450a0677ede3b6ae294ba4c84ffa2)] -> name: title]] -> xpath: .//option[normalize-space(.) = "Dr."]]
After clicking on : [[[[ChromeDriver: chrome on windows (ae6450a0677ede3b6ae294ba4c84ffa2)] -> name: title]] -> xpath: .//option[normalize-space(.) = "Dr."]]
After entering values for element: [[ChromeDriver: chrome on windows (ae6450a0677ede3b6ae294ba4c84ffa2)] -> id: first_name]  entered values as: 
Jackson 
After entering values for element: [[ChromeDriver: chrome on windows (ae6450a0677ede3b6ae294ba4c84ffa2)] -> id: surname]  entered values as: 
Cris 
After entering values for element: [[ChromeDriver: chrome on windows (ae6450a0677ede3b6ae294ba4c84ffa2)] -> name: client_lookup]  entered values as: 
Amazon 
Before clicking on : [[ChromeDriver: chrome on windows (ae6450a0677ede3b6ae294ba4c84ffa2)] -> xpath: //input[@type='submit' and @value='Save']]
After clicking on : [[ChromeDriver: chrome on windows (ae6450a0677ede3b6ae294ba4c84ffa2)] -> xpath: //input[@type='submit' and @value='Save']]
]]></system-out>
    <system-err><![CDATA[Sep. 30, 2024 4:44:02 P.M. org.openqa.selenium.devtools.CdpVersionFinder findNearestMatch
WARNING: Unable to find an exact match for CDP version 129, returning the closest version; found: 128; Please update to a Selenium version that supports CDP version 129
]]></system-err>
  </testcase>
  <testcase name="validateCreateNewContact[Mrs. , Mukta, Sharma, Ben](3)" classname="com.crm.qa.testcases.ContactsPageTest" time="14.289">
    <system-out><![CDATA[After Navigating to URl: https://classic.freecrm.com/
After entering values for element: [[ChromeDriver: chrome on windows (9d2e4824d956caea6c6bda54bd3da9b9)] -> name: username]  entered values as: 
groupautomation 
After entering values for element: [[ChromeDriver: chrome on windows (9d2e4824d956caea6c6bda54bd3da9b9)] -> name: password]  entered values as: 
Test@12345 
Before clicking on : [[ChromeDriver: chrome on windows (9d2e4824d956caea6c6bda54bd3da9b9)] -> xpath: //input[@type='submit']]
After clicking on : [[ChromeDriver: chrome on windows (9d2e4824d956caea6c6bda54bd3da9b9)] -> xpath: //input[@type='submit']]
After switching to frame mainpanel
Before clicking on : [[ChromeDriver: chrome on windows (9d2e4824d956caea6c6bda54bd3da9b9)] -> xpath: //a[contains(text(),'New Contact')]]
After clicking on : [[ChromeDriver: chrome on windows (9d2e4824d956caea6c6bda54bd3da9b9)] -> xpath: //a[contains(text(),'New Contact')]]
Before clicking on : [[[[ChromeDriver: chrome on windows (9d2e4824d956caea6c6bda54bd3da9b9)] -> name: title]] -> xpath: .//option[contains(., "Mrs.")]]
After clicking on : [[[[ChromeDriver: chrome on windows (9d2e4824d956caea6c6bda54bd3da9b9)] -> name: title]] -> xpath: .//option[contains(., "Mrs.")]]
After entering values for element: [[ChromeDriver: chrome on windows (9d2e4824d956caea6c6bda54bd3da9b9)] -> id: first_name]  entered values as: 
Mukta 
After entering values for element: [[ChromeDriver: chrome on windows (9d2e4824d956caea6c6bda54bd3da9b9)] -> id: surname]  entered values as: 
Sharma 
After entering values for element: [[ChromeDriver: chrome on windows (9d2e4824d956caea6c6bda54bd3da9b9)] -> name: client_lookup]  entered values as: 
Ben 
Before clicking on : [[ChromeDriver: chrome on windows (9d2e4824d956caea6c6bda54bd3da9b9)] -> xpath: //input[@type='submit' and @value='Save']]
After clicking on : [[ChromeDriver: chrome on windows (9d2e4824d956caea6c6bda54bd3da9b9)] -> xpath: //input[@type='submit' and @value='Save']]
]]></system-out>
    <system-err><![CDATA[Sep. 30, 2024 4:44:18 P.M. org.openqa.selenium.devtools.CdpVersionFinder findNearestMatch
WARNING: Unable to find an exact match for CDP version 129, returning the closest version; found: 128; Please update to a Selenium version that supports CDP version 129
]]></system-err>
  </testcase>
</testsuite>