<?xml version="1.0" encoding="UTF-8"?>
<!-- Generated by org.testng.reporters.JUnitReportReporter -->
<testsuite hostname="Ash-pc" failures="0" tests="3" name="com.crm.qa.testcases.HomePageTest" time="26.977" errors="0" timestamp="2024-09-29T17:51:12 EDT" skipped="0">
  <testcase classname="com.crm.qa.testcases.HomePageTest" name="verifyHomePageTitleTest" time="8.575"/>
  <system-out/>
  <testcase classname="com.crm.qa.testcases.HomePageTest" name="verifyUserNameTest" time="6.059"/>
  <system-out/>
  <testcase classname="com.crm.qa.testcases.HomePageTest" name="verifyContactsLinkTest" time="12.343"/>
  <system-out/>
</testsuite> <!-- com.crm.qa.testcases.HomePageTest -->
