<?xml version="1.0" encoding="UTF-8"?>
<!-- Generated by org.testng.reporters.JUnitReportReporter -->
<testsuite hostname="Ash-pc" failures="0" tests="3" name="com.crm.qa.testcases.HomePageTest" time="38.431" errors="0" timestamp="2024-09-30T16:44:43 EDT" skipped="0">
  <testcase classname="com.crm.qa.testcases.HomePageTest" name="verifyHomePageTitleTest" time="12.248"/>
  <testcase classname="com.crm.qa.testcases.HomePageTest" name="verifyUserNameTest" time="13.251"/>
  <testcase classname="com.crm.qa.testcases.HomePageTest" name="verifyContactsLinkTest" time="12.932"/>
</testsuite> <!-- com.crm.qa.testcases.HomePageTest -->
