<?xml version="1.0" encoding="UTF-8"?>
<!-- Generated by org.testng.reporters.JUnitReportReporter -->
<testsuite hostname="Ash-pc" failures="0" tests="3" name="com.crm.qa.testcases.LoginPageTest" time="22.968" errors="0" timestamp="2024-09-30T16:44:43 EDT" skipped="0">
  <testcase classname="com.crm.qa.testcases.LoginPageTest" name="loginPageTitleTest" time="5.334"/>
  <testcase classname="com.crm.qa.testcases.LoginPageTest" name="crmLogoImageTest" time="6.276"/>
  <testcase classname="com.crm.qa.testcases.LoginPageTest" name="loginTest" time="11.358"/>
</testsuite> <!-- com.crm.qa.testcases.LoginPageTest -->
