<?xml version="1.0" encoding="UTF-8"?>
<!-- Generated by org.testng.reporters.JUnitReportReporter -->
<testsuite hostname="Ash-pc" failures="0" tests="5" name="com.crm.qa.testcases.ContactsPageTest" time="95.021" errors="0" timestamp="2024-09-30T16:44:43 EDT" skipped="0">
  <testcase classname="com.crm.qa.testcases.ContactsPageTest" name="verifyContactsPageLabelTest" time="13.388"/>
  <testcase classname="com.crm.qa.testcases.ContactsPageTest" name="selectContactByNameTest" time="13.127"/>
  <testcase classname="com.crm.qa.testcases.ContactsPageTest" name="validateCreateNewContact" time="25.317"/>
  <testcase classname="com.crm.qa.testcases.ContactsPageTest" name="validateCreateNewContact" time="26.031"/>
  <testcase classname="com.crm.qa.testcases.ContactsPageTest" name="validateCreateNewContact" time="17.158"/>
</testsuite> <!-- com.crm.qa.testcases.ContactsPageTest -->
